#
# There is insufficient memory for the Java Runtime Environment to continue.
# Native memory allocation (malloc) failed to allocate 216576 bytes for Chunk::new
# Possible reasons:
#   The system is out of physical RAM or swap space
#   The process is running with CompressedOops enabled, and the Java Heap may be blocking the growth of the native heap
# Possible solutions:
#   Reduce memory load on the system
#   Increase physical memory or swap space
#   Check if swap backing store is full
#   Decrease Java heap size (-Xmx/-Xms)
#   Decrease number of Java threads
#   Decrease Java thread stack sizes (-Xss)
#   Set larger code cache with -XX:ReservedCodeCacheSize=
#   JVM is running with Zero Based Compressed Oops mode in which the Java heap is
#     placed in the first 32GB address space. The Java Heap base address is the
#     maximum limit for the native heap growth. Please use -XX:HeapBaseMinAddress
#     to set the Java Heap base and to place the Java Heap above 32GB virtual address.
# This output file may be truncated or incomplete.
#
#  Out of Memory Error (./open/src/hotspot/share/memory/arena.cpp:195), pid=47056, tid=33032
#
# JRE version: OpenJDK Runtime Environment (15.0.2+7) (build 15.0.2+7-27)
# Java VM: OpenJDK 64-Bit Server VM (15.0.2+7-27, mixed mode, tiered, compressed oops, g1 gc, windows-amd64)
# No core dump will be written. Minidumps are not enabled by default on client versions of Windows
#

---------------  S U M M A R Y ------------

Command Line: C:\Users\prash\AppData\Local\Temp\surefire16951700245720786616\surefirebooter7014652330529944316.jar C:\Users\prash\AppData\Local\Temp\surefire16951700245720786616 2021-07-15T21-33-50_194-jvmRun1 surefire5368825403874956068tmp surefire_05963540412134105092tmp

Host: 11th Gen Intel(R) Core(TM) i7-1165G7 @ 2.80GHz, 8 cores, 11G,  Windows 10 , 64 bit Build 19041 (10.0.19041.1023)
Time: Thu Jul 15 21:33:50 2021 Eastern Daylight Time elapsed time: 0.377217 seconds (0d 0h 0m 0s)

---------------  T H R E A D  ---------------

Current thread (0x000002645302def0):  JavaThread "C2 CompilerThread0" daemon [_thread_in_native, id=33032, stack(0x000000b248a00000,0x000000b248b00000)]


Current CompileTask:
C2:    377  745   !   4       java.util.zip.ZipFile::getEntry (59 bytes)

Stack: [0x000000b248a00000,0x000000b248b00000]
Native frames: (J=compiled Java code, j=interpreted, Vv=VM code, C=native code)
V  [jvm.dll+0x62ae9a]
V  [jvm.dll+0x7817a9]
V  [jvm.dll+0x782f03]
V  [jvm.dll+0x783563]
V  [jvm.dll+0x216325]
V  [jvm.dll+0x97f3a]
V  [jvm.dll+0x9861c]
V  [jvm.dll+0x32e305]
V  [jvm.dll+0x2f768a]
V  [jvm.dll+0x2f6a4a]
V  [jvm.dll+0x1ea705]
V  [jvm.dll+0x1e996e]
V  [jvm.dll+0x178567]
V  [jvm.dll+0x1f9225]
V  [jvm.dll+0x1f72cc]
V  [jvm.dll+0x74495d]
V  [jvm.dll+0x73d75a]
V  [jvm.dll+0x629c56]
C  [ucrtbase.dll+0x21bb2]
C  [KERNEL32.DLL+0x17034]
C  [ntdll.dll+0x52651]


---------------  P R O C E S S  ---------------

Threads class SMR info:
_java_thread_list=0x00000264533cc730, length=13, elements={
0x00000264360820c0, 0x00000264527cdee0, 0x00000264527ce8a0, 0x0000026453018f00,
0x000002645302aa20, 0x000002645302b2e0, 0x000002645302def0, 0x000002645302e8a0,
0x000002645302f2a0, 0x00000264531ce490, 0x00000264531d86e0, 0x00000264532bb650,
0x00000264531f5460
}

Java Threads: ( => current thread )
  0x00000264360820c0 JavaThread "main" [_thread_in_Java, id=23528, stack(0x000000b247e00000,0x000000b247f00000)]
  0x00000264527cdee0 JavaThread "Reference Handler" daemon [_thread_blocked, id=23772, stack(0x000000b248500000,0x000000b248600000)]
  0x00000264527ce8a0 JavaThread "Finalizer" daemon [_thread_blocked, id=10848, stack(0x000000b248600000,0x000000b248700000)]
  0x0000026453018f00 JavaThread "Signal Dispatcher" daemon [_thread_blocked, id=35812, stack(0x000000b248700000,0x000000b248800000)]
  0x000002645302aa20 JavaThread "Attach Listener" daemon [_thread_blocked, id=42452, stack(0x000000b248800000,0x000000b248900000)]
  0x000002645302b2e0 JavaThread "Service Thread" daemon [_thread_blocked, id=45820, stack(0x000000b248900000,0x000000b248a00000)]
=>0x000002645302def0 JavaThread "C2 CompilerThread0" daemon [_thread_in_native, id=33032, stack(0x000000b248a00000,0x000000b248b00000)]
  0x000002645302e8a0 JavaThread "C1 CompilerThread0" daemon [_thread_in_native, id=44116, stack(0x000000b248b00000,0x000000b248c00000)]
  0x000002645302f2a0 JavaThread "Sweeper thread" daemon [_thread_blocked, id=33012, stack(0x000000b248c00000,0x000000b248d00000)]
  0x00000264531ce490 JavaThread "Notification Thread" daemon [_thread_blocked, id=39788, stack(0x000000b248d00000,0x000000b248e00000)]
  0x00000264531d86e0 JavaThread "Common-Cleaner" daemon [_thread_blocked, id=20968, stack(0x000000b248f00000,0x000000b249000000)]
  0x00000264532bb650 JavaThread "surefire-forkedjvm-command-thread" daemon [_thread_in_native, id=39556, stack(0x000000b249000000,0x000000b249100000)]
  0x00000264531f5460 JavaThread "surefire-forkedjvm-ping-30s" daemon [_thread_in_native, id=9364, stack(0x000000b249100000,0x000000b249200000)]

Other Threads:
  0x00000264527c9a90 VMThread "VM Thread" [stack: 0x000000b248400000,0x000000b248500000] [id=42568]
  0x00000264531ceb70 WatcherThread [stack: 0x000000b248e00000,0x000000b248f00000] [id=20984]
  0x00000264360c6290 GCTaskThread "GC Thread#0" [stack: 0x000000b247f00000,0x000000b248000000] [id=26240]
  0x00000264360d3030 ConcurrentGCThread "G1 Main Marker" [stack: 0x000000b248000000,0x000000b248100000] [id=14820]
  0x00000264360d4bc0 ConcurrentGCThread "G1 Conc#0" [stack: 0x000000b248100000,0x000000b248200000] [id=45084]
  0x00000264526100a0 ConcurrentGCThread "G1 Refine#0" [stack: 0x000000b248200000,0x000000b248300000] [id=10428]
  0x0000026452611ac0 ConcurrentGCThread "G1 Young RemSet Sampling" [stack: 0x000000b248300000,0x000000b248400000] [id=16536]

Threads with active compile tasks:
C2 CompilerThread0      397  745   !   4       java.util.zip.ZipFile::getEntry (59 bytes)
C1 CompilerThread0      397  871       3       jdk.internal.org.objectweb.asm.ClassReader::<init> (371 bytes)

VM state: not at safepoint (normal execution)

VM Mutex/Monitor currently owned by a thread: None

Heap address: 0x0000000744400000, size: 3004 MB, Compressed Oops mode: Zero based, Oop shift amount: 3
CDS disabled.
Compressed class space mapped at: 0x0000000800000000-0x0000000840000000, size: 1073741824
Narrow klass base: 0x0000000800000000, Narrow klass shift: 0, Narrow klass range: 0x40000000

GC Precious Log:
 CPUs: 8 total, 8 available
 Memory: 12010M
 Large Page Support: Disabled
 NUMA Support: Disabled
 Compressed Oops: Enabled (Zero based)
 Heap Region Size: 2M
 Heap Min Capacity: 8M
 Heap Initial Capacity: 188M
 Heap Max Capacity: 3004M
 Pre-touch: Disabled
 Parallel Workers: 8
 Concurrent Workers: 2
 Concurrent Refinement Workers: 8
 Periodic GC: Disabled

Heap:
 garbage-first heap   total 192512K, used 14336K [0x0000000744400000, 0x0000000800000000)
  region size 2048K, 9 young (18432K), 0 survivors (0K)
 Metaspace       used 12052K, capacity 12227K, committed 12544K, reserved 1064960K
  class space    used 1130K, capacity 1196K, committed 1280K, reserved 1048576K

Heap Regions: E=young(eden), S=young(survivor), O=old, HS=humongous(starts), HC=humongous(continues), CS=collection set, F=free, OA=open archive, CA=closed archive, TAMS=top-at-mark-start (previous, next)
|   0|0x0000000744400000, 0x0000000744400000, 0x0000000744600000|  0%| F|  |TAMS 0x0000000744400000, 0x0000000744400000| Untracked 
|   1|0x0000000744600000, 0x0000000744600000, 0x0000000744800000|  0%| F|  |TAMS 0x0000000744600000, 0x0000000744600000| Untracked 
|   2|0x0000000744800000, 0x0000000744800000, 0x0000000744a00000|  0%| F|  |TAMS 0x0000000744800000, 0x0000000744800000| Untracked 
|   3|0x0000000744a00000, 0x0000000744a00000, 0x0000000744c00000|  0%| F|  |TAMS 0x0000000744a00000, 0x0000000744a00000| Untracked 
|   4|0x0000000744c00000, 0x0000000744c00000, 0x0000000744e00000|  0%| F|  |TAMS 0x0000000744c00000, 0x0000000744c00000| Untracked 
|   5|0x0000000744e00000, 0x0000000744e00000, 0x0000000745000000|  0%| F|  |TAMS 0x0000000744e00000, 0x0000000744e00000| Untracked 
|   6|0x0000000745000000, 0x0000000745000000, 0x0000000745200000|  0%| F|  |TAMS 0x0000000745000000, 0x0000000745000000| Untracked 
|   7|0x0000000745200000, 0x0000000745200000, 0x0000000745400000|  0%| F|  |TAMS 0x0000000745200000, 0x0000000745200000| Untracked 
|   8|0x0000000745400000, 0x0000000745400000, 0x0000000745600000|  0%| F|  |TAMS 0x0000000745400000, 0x0000000745400000| Untracked 
|   9|0x0000000745600000, 0x0000000745600000, 0x0000000745800000|  0%| F|  |TAMS 0x0000000745600000, 0x0000000745600000| Untracked 
|  10|0x0000000745800000, 0x0000000745800000, 0x0000000745a00000|  0%| F|  |TAMS 0x0000000745800000, 0x0000000745800000| Untracked 
|  11|0x0000000745a00000, 0x0000000745a00000, 0x0000000745c00000|  0%| F|  |TAMS 0x0000000745a00000, 0x0000000745a00000| Untracked 
|  12|0x0000000745c00000, 0x0000000745c00000, 0x0000000745e00000|  0%| F|  |TAMS 0x0000000745c00000, 0x0000000745c00000| Untracked 
|  13|0x0000000745e00000, 0x0000000745e00000, 0x0000000746000000|  0%| F|  |TAMS 0x0000000745e00000, 0x0000000745e00000| Untracked 
|  14|0x0000000746000000, 0x0000000746000000, 0x0000000746200000|  0%| F|  |TAMS 0x0000000746000000, 0x0000000746000000| Untracked 
|  15|0x0000000746200000, 0x0000000746200000, 0x0000000746400000|  0%| F|  |TAMS 0x0000000746200000, 0x0000000746200000| Untracked 
|  16|0x0000000746400000, 0x0000000746400000, 0x0000000746600000|  0%| F|  |TAMS 0x0000000746400000, 0x0000000746400000| Untracked 
|  17|0x0000000746600000, 0x0000000746600000, 0x0000000746800000|  0%| F|  |TAMS 0x0000000746600000, 0x0000000746600000| Untracked 
|  18|0x0000000746800000, 0x0000000746800000, 0x0000000746a00000|  0%| F|  |TAMS 0x0000000746800000, 0x0000000746800000| Untracked 
|  19|0x0000000746a00000, 0x0000000746a00000, 0x0000000746c00000|  0%| F|  |TAMS 0x0000000746a00000, 0x0000000746a00000| Untracked 
|  20|0x0000000746c00000, 0x0000000746c00000, 0x0000000746e00000|  0%| F|  |TAMS 0x0000000746c00000, 0x0000000746c00000| Untracked 
|  21|0x0000000746e00000, 0x0000000746e00000, 0x0000000747000000|  0%| F|  |TAMS 0x0000000746e00000, 0x0000000746e00000| Untracked 
|  22|0x0000000747000000, 0x0000000747000000, 0x0000000747200000|  0%| F|  |TAMS 0x0000000747000000, 0x0000000747000000| Untracked 
|  23|0x0000000747200000, 0x0000000747200000, 0x0000000747400000|  0%| F|  |TAMS 0x0000000747200000, 0x0000000747200000| Untracked 
|  24|0x0000000747400000, 0x0000000747400000, 0x0000000747600000|  0%| F|  |TAMS 0x0000000747400000, 0x0000000747400000| Untracked 
|  25|0x0000000747600000, 0x0000000747600000, 0x0000000747800000|  0%| F|  |TAMS 0x0000000747600000, 0x0000000747600000| Untracked 
|  26|0x0000000747800000, 0x0000000747800000, 0x0000000747a00000|  0%| F|  |TAMS 0x0000000747800000, 0x0000000747800000| Untracked 
|  27|0x0000000747a00000, 0x0000000747a00000, 0x0000000747c00000|  0%| F|  |TAMS 0x0000000747a00000, 0x0000000747a00000| Untracked 
|  28|0x0000000747c00000, 0x0000000747c00000, 0x0000000747e00000|  0%| F|  |TAMS 0x0000000747c00000, 0x0000000747c00000| Untracked 
|  29|0x0000000747e00000, 0x0000000747e00000, 0x0000000748000000|  0%| F|  |TAMS 0x0000000747e00000, 0x0000000747e00000| Untracked 
|  30|0x0000000748000000, 0x0000000748000000, 0x0000000748200000|  0%| F|  |TAMS 0x0000000748000000, 0x0000000748000000| Untracked 
|  31|0x0000000748200000, 0x0000000748200000, 0x0000000748400000|  0%| F|  |TAMS 0x0000000748200000, 0x0000000748200000| Untracked 
|  32|0x0000000748400000, 0x0000000748400000, 0x0000000748600000|  0%| F|  |TAMS 0x0000000748400000, 0x0000000748400000| Untracked 
|  33|0x0000000748600000, 0x0000000748600000, 0x0000000748800000|  0%| F|  |TAMS 0x0000000748600000, 0x0000000748600000| Untracked 
|  34|0x0000000748800000, 0x0000000748800000, 0x0000000748a00000|  0%| F|  |TAMS 0x0000000748800000, 0x0000000748800000| Untracked 
|  35|0x0000000748a00000, 0x0000000748a00000, 0x0000000748c00000|  0%| F|  |TAMS 0x0000000748a00000, 0x0000000748a00000| Untracked 
|  36|0x0000000748c00000, 0x0000000748c00000, 0x0000000748e00000|  0%| F|  |TAMS 0x0000000748c00000, 0x0000000748c00000| Untracked 
|  37|0x0000000748e00000, 0x0000000748e00000, 0x0000000749000000|  0%| F|  |TAMS 0x0000000748e00000, 0x0000000748e00000| Untracked 
|  38|0x0000000749000000, 0x0000000749000000, 0x0000000749200000|  0%| F|  |TAMS 0x0000000749000000, 0x0000000749000000| Untracked 
|  39|0x0000000749200000, 0x0000000749200000, 0x0000000749400000|  0%| F|  |TAMS 0x0000000749200000, 0x0000000749200000| Untracked 
|  40|0x0000000749400000, 0x0000000749400000, 0x0000000749600000|  0%| F|  |TAMS 0x0000000749400000, 0x0000000749400000| Untracked 
|  41|0x0000000749600000, 0x0000000749600000, 0x0000000749800000|  0%| F|  |TAMS 0x0000000749600000, 0x0000000749600000| Untracked 
|  42|0x0000000749800000, 0x0000000749800000, 0x0000000749a00000|  0%| F|  |TAMS 0x0000000749800000, 0x0000000749800000| Untracked 
|  43|0x0000000749a00000, 0x0000000749a00000, 0x0000000749c00000|  0%| F|  |TAMS 0x0000000749a00000, 0x0000000749a00000| Untracked 
|  44|0x0000000749c00000, 0x0000000749c00000, 0x0000000749e00000|  0%| F|  |TAMS 0x0000000749c00000, 0x0000000749c00000| Untracked 
|  45|0x0000000749e00000, 0x0000000749e00000, 0x000000074a000000|  0%| F|  |TAMS 0x0000000749e00000, 0x0000000749e00000| Untracked 
|  46|0x000000074a000000, 0x000000074a000000, 0x000000074a200000|  0%| F|  |TAMS 0x000000074a000000, 0x000000074a000000| Untracked 
|  47|0x000000074a200000, 0x000000074a200000, 0x000000074a400000|  0%| F|  |TAMS 0x000000074a200000, 0x000000074a200000| Untracked 
|  48|0x000000074a400000, 0x000000074a400000, 0x000000074a600000|  0%| F|  |TAMS 0x000000074a400000, 0x000000074a400000| Untracked 
|  49|0x000000074a600000, 0x000000074a600000, 0x000000074a800000|  0%| F|  |TAMS 0x000000074a600000, 0x000000074a600000| Untracked 
|  50|0x000000074a800000, 0x000000074a800000, 0x000000074aa00000|  0%| F|  |TAMS 0x000000074a800000, 0x000000074a800000| Untracked 
|  51|0x000000074aa00000, 0x000000074aa00000, 0x000000074ac00000|  0%| F|  |TAMS 0x000000074aa00000, 0x000000074aa00000| Untracked 
|  52|0x000000074ac00000, 0x000000074ac00000, 0x000000074ae00000|  0%| F|  |TAMS 0x000000074ac00000, 0x000000074ac00000| Untracked 
|  53|0x000000074ae00000, 0x000000074ae00000, 0x000000074b000000|  0%| F|  |TAMS 0x000000074ae00000, 0x000000074ae00000| Untracked 
|  54|0x000000074b000000, 0x000000074b000000, 0x000000074b200000|  0%| F|  |TAMS 0x000000074b000000, 0x000000074b000000| Untracked 
|  55|0x000000074b200000, 0x000000074b200000, 0x000000074b400000|  0%| F|  |TAMS 0x000000074b200000, 0x000000074b200000| Untracked 
|  56|0x000000074b400000, 0x000000074b400000, 0x000000074b600000|  0%| F|  |TAMS 0x000000074b400000, 0x000000074b400000| Untracked 
|  57|0x000000074b600000, 0x000000074b600000, 0x000000074b800000|  0%| F|  |TAMS 0x000000074b600000, 0x000000074b600000| Untracked 
|  58|0x000000074b800000, 0x000000074b800000, 0x000000074ba00000|  0%| F|  |TAMS 0x000000074b800000, 0x000000074b800000| Untracked 
|  59|0x000000074ba00000, 0x000000074ba00000, 0x000000074bc00000|  0%| F|  |TAMS 0x000000074ba00000, 0x000000074ba00000| Untracked 
|  60|0x000000074bc00000, 0x000000074bc00000, 0x000000074be00000|  0%| F|  |TAMS 0x000000074bc00000, 0x000000074bc00000| Untracked 
|  61|0x000000074be00000, 0x000000074be00000, 0x000000074c000000|  0%| F|  |TAMS 0x000000074be00000, 0x000000074be00000| Untracked 
|  62|0x000000074c000000, 0x000000074c000000, 0x000000074c200000|  0%| F|  |TAMS 0x000000074c000000, 0x000000074c000000| Untracked 
|  63|0x000000074c200000, 0x000000074c200000, 0x000000074c400000|  0%| F|  |TAMS 0x000000074c200000, 0x000000074c200000| Untracked 
|  64|0x000000074c400000, 0x000000074c400000, 0x000000074c600000|  0%| F|  |TAMS 0x000000074c400000, 0x000000074c400000| Untracked 
|  65|0x000000074c600000, 0x000000074c600000, 0x000000074c800000|  0%| F|  |TAMS 0x000000074c600000, 0x000000074c600000| Untracked 
|  66|0x000000074c800000, 0x000000074c800000, 0x000000074ca00000|  0%| F|  |TAMS 0x000000074c800000, 0x000000074c800000| Untracked 
|  67|0x000000074ca00000, 0x000000074ca00000, 0x000000074cc00000|  0%| F|  |TAMS 0x000000074ca00000, 0x000000074ca00000| Untracked 
|  68|0x000000074cc00000, 0x000000074cc00000, 0x000000074ce00000|  0%| F|  |TAMS 0x000000074cc00000, 0x000000074cc00000| Untracked 
|  69|0x000000074ce00000, 0x000000074ce00000, 0x000000074d000000|  0%| F|  |TAMS 0x000000074ce00000, 0x000000074ce00000| Untracked 
|  70|0x000000074d000000, 0x000000074d000000, 0x000000074d200000|  0%| F|  |TAMS 0x000000074d000000, 0x000000074d000000| Untracked 
|  71|0x000000074d200000, 0x000000074d200000, 0x000000074d400000|  0%| F|  |TAMS 0x000000074d200000, 0x000000074d200000| Untracked 
|  72|0x000000074d400000, 0x000000074d400000, 0x000000074d600000|  0%| F|  |TAMS 0x000000074d400000, 0x000000074d400000| Untracked 
|  73|0x000000074d600000, 0x000000074d600000, 0x000000074d800000|  0%| F|  |TAMS 0x000000074d600000, 0x000000074d600000| Untracked 
|  74|0x000000074d800000, 0x000000074d800000, 0x000000074da00000|  0%| F|  |TAMS 0x000000074d800000, 0x000000074d800000| Untracked 
|  75|0x000000074da00000, 0x000000074da00000, 0x000000074dc00000|  0%| F|  |TAMS 0x000000074da00000, 0x000000074da00000| Untracked 
|  76|0x000000074dc00000, 0x000000074dc00000, 0x000000074de00000|  0%| F|  |TAMS 0x000000074dc00000, 0x000000074dc00000| Untracked 
|  77|0x000000074de00000, 0x000000074de00000, 0x000000074e000000|  0%| F|  |TAMS 0x000000074de00000, 0x000000074de00000| Untracked 
|  78|0x000000074e000000, 0x000000074e000000, 0x000000074e200000|  0%| F|  |TAMS 0x000000074e000000, 0x000000074e000000| Untracked 
|  79|0x000000074e200000, 0x000000074e200000, 0x000000074e400000|  0%| F|  |TAMS 0x000000074e200000, 0x000000074e200000| Untracked 
|  80|0x000000074e400000, 0x000000074e400000, 0x000000074e600000|  0%| F|  |TAMS 0x000000074e400000, 0x000000074e400000| Untracked 
|  81|0x000000074e600000, 0x000000074e600000, 0x000000074e800000|  0%| F|  |TAMS 0x000000074e600000, 0x000000074e600000| Untracked 
|  82|0x000000074e800000, 0x000000074e800000, 0x000000074ea00000|  0%| F|  |TAMS 0x000000074e800000, 0x000000074e800000| Untracked 
|  83|0x000000074ea00000, 0x000000074ea00000, 0x000000074ec00000|  0%| F|  |TAMS 0x000000074ea00000, 0x000000074ea00000| Untracked 
|  84|0x000000074ec00000, 0x000000074ec00000, 0x000000074ee00000|  0%| F|  |TAMS 0x000000074ec00000, 0x000000074ec00000| Untracked 
|  85|0x000000074ee00000, 0x000000074eee1d18, 0x000000074f000000| 44%| E|  |TAMS 0x000000074ee00000, 0x000000074ee00000| Complete 
|  86|0x000000074f000000, 0x000000074f200000, 0x000000074f200000|100%| E|CS|TAMS 0x000000074f000000, 0x000000074f000000| Complete 
|  87|0x000000074f200000, 0x000000074f400000, 0x000000074f400000|100%| E|CS|TAMS 0x000000074f200000, 0x000000074f200000| Complete 
|  88|0x000000074f400000, 0x000000074f600000, 0x000000074f600000|100%| E|CS|TAMS 0x000000074f400000, 0x000000074f400000| Complete 
|  89|0x000000074f600000, 0x000000074f800000, 0x000000074f800000|100%| E|CS|TAMS 0x000000074f600000, 0x000000074f600000| Complete 
|  90|0x000000074f800000, 0x000000074fa00000, 0x000000074fa00000|100%| E|  |TAMS 0x000000074f800000, 0x000000074f800000| Complete 
|  91|0x000000074fa00000, 0x000000074fc00000, 0x000000074fc00000|100%| E|CS|TAMS 0x000000074fa00000, 0x000000074fa00000| Complete 
|  92|0x000000074fc00000, 0x000000074fe00000, 0x000000074fe00000|100%| E|CS|TAMS 0x000000074fc00000, 0x000000074fc00000| Complete 
|  93|0x000000074fe00000, 0x0000000750000000, 0x0000000750000000|100%| E|CS|TAMS 0x000000074fe00000, 0x000000074fe00000| Complete 

Card table byte_map: [0x00000264493b0000,0x0000026449990000] _byte_map_base: 0x000002644598e000

Marking Bits (Prev, Next): (CMBitMap*) 0x00000264360c6a10, (CMBitMap*) 0x00000264360c6a50
 Prev Bits: [0x0000026449f70000, 0x000002644ce60000)
 Next Bits: [0x000002644ce60000, 0x000002644fd50000)

Polling page: 0x0000026435860000

Metaspace:

Usage:
  Non-class:     10.77 MB capacity,    10.67 MB (>99%) used,    89.78 KB ( <1%) free+waste,    10.31 KB ( <1%) overhead. 
      Class:      1.17 MB capacity,     1.11 MB ( 95%) used,    59.32 KB (  5%) free+waste,     3.69 KB ( <1%) overhead. 
       Both:     11.94 MB capacity,    11.78 MB ( 99%) used,   149.10 KB (  1%) free+waste,    14.00 KB ( <1%) overhead. 

Virtual space:
  Non-class space:       16.00 MB reserved,      11.00 MB ( 69%) committed 
      Class space:        1.00 GB reserved,       1.25 MB ( <1%) committed 
             Both:        1.02 GB reserved,      12.25 MB (  1%) committed 

Chunk freelists:
   Non-Class:  41.00 KB
       Class:  20.00 KB
        Both:  61.00 KB

MaxMetaspaceSize: 17179869184.00 GB
CompressedClassSpaceSize: 1.00 GB

CodeHeap 'non-profiled nmethods': size=120000Kb used=260Kb max_used=260Kb free=119739Kb
 bounds [0x0000026441570000, 0x00000264417e0000, 0x0000026448aa0000]
CodeHeap 'profiled nmethods': size=120000Kb used=1507Kb max_used=1507Kb free=118492Kb
 bounds [0x000002643a040000, 0x000002643a2b0000, 0x0000026441570000]
CodeHeap 'non-nmethods': size=5760Kb used=1172Kb max_used=1190Kb free=4587Kb
 bounds [0x0000026439aa0000, 0x0000026439d10000, 0x000002643a040000]
 total_blobs=1292 nmethods=877 adapters=328
 compilation: enabled
              stopped_count=0, restarted_count=0
 full_count=0

Compilation events (20 events):
Event: 0.366 Thread 0x000002645302e8a0 nmethod 804 0x000002643a18ec10 code [0x000002643a18ee00, 0x000002643a18f488]
Event: 0.366 Thread 0x000002645302e8a0  805       3       java.lang.reflect.AccessibleObject::<init> (5 bytes)
Event: 0.366 Thread 0x000002645302e8a0 nmethod 805 0x000002643a18f690 code [0x000002643a18f820, 0x000002643a18f978]
Event: 0.366 Thread 0x000002645302e8a0  808       3       jdk.internal.org.objectweb.asm.Frame::getAbstractTypeFromDescriptor (415 bytes)
Event: 0.366 Thread 0x000002645302def0 nmethod 724 0x00000264415ad510 code [0x00000264415ad680, 0x00000264415ad718]
Event: 0.366 Thread 0x000002645302def0  745   !   4       java.util.zip.ZipFile::getEntry (59 bytes)
Event: 0.367 Thread 0x000002645302e8a0 nmethod 808 0x000002643a18fa10 code [0x000002643a18fda0, 0x000002643a191978]
Event: 0.367 Thread 0x000002645302e8a0  809       3       jdk.internal.org.objectweb.asm.MethodWriter::visitLabel (328 bytes)
Event: 0.368 Thread 0x000002645302e8a0 nmethod 809 0x000002643a192290 code [0x000002643a1924e0, 0x000002643a193248]
Event: 0.368 Thread 0x000002645302e8a0  807       3       jdk.internal.org.objectweb.asm.MethodWriter::visitTypeInsn (116 bytes)
Event: 0.368 Thread 0x000002645302e8a0 nmethod 807 0x000002643a193510 code [0x000002643a193700, 0x000002643a193b08]
Event: 0.368 Thread 0x000002645302e8a0  811       3       jdk.internal.org.objectweb.asm.Frame::pop (53 bytes)
Event: 0.369 Thread 0x000002645302e8a0 nmethod 811 0x000002643a193d10 code [0x000002643a193f60, 0x000002643a1946f8]
Event: 0.369 Thread 0x000002645302e8a0  812       3       java.lang.invoke.MemberName::getInvocationType (56 bytes)
Event: 0.369 Thread 0x000002645302e8a0 nmethod 812 0x000002643a194a10 code [0x000002643a194c40, 0x000002643a195548]
Event: 0.369 Thread 0x000002645302e8a0  810       1       java.lang.reflect.Method::getSharedParameterTypes (5 bytes)
Event: 0.369 Thread 0x000002645302e8a0 nmethod 810 0x00000264415ad810 code [0x00000264415ad9a0, 0x00000264415ada58]
Event: 0.371 Thread 0x000002645302e8a0  814   !   3       jdk.internal.loader.BuiltinClassLoader::findClassOnClassPathOrNull (64 bytes)
Event: 0.372 Thread 0x000002645302e8a0 nmethod 814 0x000002643a195810 code [0x000002643a195ba0, 0x000002643a197138]
Event: 0.372 Thread 0x000002645302e8a0  816       3       java.io.WinNTFileSystem::resolve (275 bytes)

GC Heap History (0 events):
No events

Deoptimization events (20 events):
Event: 0.217 Thread 0x00000264360820c0 DEOPT PACKING pc=0x000002643a063aee sp=0x000000b247efe2f0
Event: 0.217 Thread 0x00000264360820c0 DEOPT UNPACKING pc=0x0000026439aef6cf sp=0x000000b247efd790 mode 0
Event: 0.217 Thread 0x00000264360820c0 DEOPT PACKING pc=0x000002643a063aee sp=0x000000b247efe2f0
Event: 0.217 Thread 0x00000264360820c0 DEOPT UNPACKING pc=0x0000026439aef6cf sp=0x000000b247efd790 mode 0
Event: 0.217 Thread 0x00000264360820c0 DEOPT PACKING pc=0x000002643a063aee sp=0x000000b247efe2f0
Event: 0.217 Thread 0x00000264360820c0 DEOPT UNPACKING pc=0x0000026439aef6cf sp=0x000000b247efd790 mode 0
Event: 0.218 Thread 0x00000264360820c0 DEOPT PACKING pc=0x000002643a063aee sp=0x000000b247efe2f0
Event: 0.218 Thread 0x00000264360820c0 DEOPT UNPACKING pc=0x0000026439aef6cf sp=0x000000b247efd790 mode 0
Event: 0.287 Thread 0x00000264360820c0 Uncommon trap: trap_request=0xffffff45 fr.pc=0x0000026441593960 relative=0x0000000000000060
Event: 0.287 Thread 0x00000264360820c0 Uncommon trap: reason=unstable_if action=reinterpret pc=0x0000026441593960 method=java.io.WinNTFileSystem.isSlash(C)Z @ 9 c2
Event: 0.287 Thread 0x00000264360820c0 DEOPT PACKING pc=0x0000026441593960 sp=0x000000b247efdd80
Event: 0.287 Thread 0x00000264360820c0 DEOPT UNPACKING pc=0x0000026439aa852f sp=0x000000b247efdd08 mode 2
Event: 0.324 Thread 0x00000264360820c0 DEOPT PACKING pc=0x000002643a10425f sp=0x000000b247efc170
Event: 0.324 Thread 0x00000264360820c0 DEOPT UNPACKING pc=0x0000026439aef6cf sp=0x000000b247efb5c0 mode 0
Event: 0.327 Thread 0x00000264360820c0 DEOPT PACKING pc=0x000002643a10425f sp=0x000000b247efd6c0
Event: 0.327 Thread 0x00000264360820c0 DEOPT UNPACKING pc=0x0000026439aef6cf sp=0x000000b247efcb10 mode 0
Event: 0.330 Thread 0x00000264360820c0 DEOPT PACKING pc=0x000002643a10425f sp=0x000000b247efc920
Event: 0.330 Thread 0x00000264360820c0 DEOPT UNPACKING pc=0x0000026439aef6cf sp=0x000000b247efbd70 mode 0
Event: 0.336 Thread 0x00000264360820c0 DEOPT PACKING pc=0x000002643a10425f sp=0x000000b247efd0b0
Event: 0.337 Thread 0x00000264360820c0 DEOPT UNPACKING pc=0x0000026439aef6cf sp=0x000000b247efc500 mode 0

Classes unloaded (0 events):
No events

Classes redefined (0 events):
No events

Internal exceptions (18 events):
Event: 0.096 Thread 0x00000264360820c0 Exception <a 'java/lang/NoSuchMethodError'{0x000000074fd7b790}: 'java.lang.Object java.lang.invoke.DirectMethodHandle$Holder.invokeStatic(java.lang.Object)'> (0x000000074fd7b790) 
thrown [./open/src/hotspot/share/interpreter/linkResolver.cpp, line 782]
Event: 0.099 Thread 0x00000264360820c0 Exception <a 'java/lang/NoSuchMethodError'{0x000000074fd80e98}: 'java.lang.Object java.lang.invoke.DirectMethodHandle$Holder.invokeStaticInit(java.lang.Object)'> (0x000000074fd80e98) 
thrown [./open/src/hotspot/share/interpreter/linkResolver.cpp, line 782]
Event: 0.129 Thread 0x00000264360820c0 Exception <a 'java/lang/NoSuchMethodError'{0x000000074fdb9490}: 'java.lang.Object java.lang.invoke.DirectMethodHandle$Holder.invokeInterface(java.lang.Object, java.lang.Object)'> (0x000000074fdb9490) 
thrown [./open/src/hotspot/share/interpreter/linkResolver.cpp, line 782]
Event: 0.130 Thread 0x00000264360820c0 Exception <a 'java/lang/NoSuchMethodError'{0x000000074fdc2088}: 'java.lang.Object java.lang.invoke.DirectMethodHandle$Holder.invokeStaticInit(java.lang.Object, java.lang.Object, java.lang.Object)'> (0x000000074fdc2088) 
thrown [./open/src/hotspot/share/interpreter/linkResolver.cpp, line 782]
Event: 0.135 Thread 0x00000264360820c0 Exception <a 'java/lang/NoSuchMethodError'{0x000000074fde9cc8}: 'int java.lang.invoke.DirectMethodHandle$Holder.invokeSpecial(java.lang.Object, java.lang.Object, java.lang.Object)'> (0x000000074fde9cc8) 
thrown [./open/src/hotspot/share/interpreter/linkResolver.cpp, line 782]
Event: 0.195 Thread 0x00000264531f5460 Exception <a 'java/lang/NoSuchMethodError'{0x000000074fbf9fb8}: 'void java.lang.invoke.DirectMethodHandle$Holder.invokeStatic(java.lang.Object, long)'> (0x000000074fbf9fb8) 
thrown [./open/src/hotspot/share/interpreter/linkResolver.cpp, line 782]
Event: 0.196 Thread 0x00000264531f5460 Exception <a 'java/lang/NoSuchMethodError'{0x000000074fbff910}: 'java.lang.Object java.lang.invoke.DirectMethodHandle$Holder.newInvokeSpecial(java.lang.Object, long)'> (0x000000074fbff910) 
thrown [./open/src/hotspot/share/interpreter/linkResolver.cpp, line 782]
Event: 0.198 Thread 0x00000264531f5460 Exception <a 'java/lang/NoSuchMethodError'{0x000000074f87d2b0}: 'java.lang.Object java.lang.invoke.DirectMethodHandle$Holder.invokeStaticInit(java.lang.Object, java.lang.Object, long, java.lang.Object)'> (0x000000074f87d2b0) 
thrown [./open/src/hotspot/share/interpreter/linkResolver.cpp, line 782]
Event: 0.199 Thread 0x00000264531f5460 Exception <a 'java/lang/NoSuchMethodError'{0x000000074f883dc8}: 'java.lang.Object java.lang.invoke.DirectMethodHandle$Holder.newInvokeSpecial(java.lang.Object, java.lang.Object, long)'> (0x000000074f883dc8) 
thrown [./open/src/hotspot/share/interpreter/linkResolver.cpp, line 782]
Event: 0.199 Thread 0x00000264531f5460 Exception <a 'java/lang/NoSuchMethodError'{0x000000074f8881b8}: 'java.lang.Object java.lang.invoke.Invokers$Holder.linkToTargetMethod(java.lang.Object, long, java.lang.Object)'> (0x000000074f8881b8) 
thrown [./open/src/hotspot/share/interpreter/linkResolver.cpp, line 782]
Event: 0.279 Thread 0x00000264360820c0 Exception <a 'java/lang/NoSuchMethodError'{0x000000074f52d210}: 'void java.lang.invoke.DirectMethodHandle$Holder.invokeSpecial(java.lang.Object, java.lang.Object, java.lang.Object)'> (0x000000074f52d210) 
thrown [./open/src/hotspot/share/interpreter/linkResolver.cpp, line 782]
Event: 0.295 Thread 0x00000264360820c0 Exception <a 'java/lang/NoSuchMethodError'{0x000000074f5c2320}: 'void java.lang.invoke.DirectMethodHandle$Holder.invokeStatic(java.lang.Object, java.lang.Object, java.lang.Object)'> (0x000000074f5c2320) 
thrown [./open/src/hotspot/share/interpreter/linkResolver.cpp, line 782]
Event: 0.314 Thread 0x00000264360820c0 Exception <a 'java/lang/NoSuchMethodError'{0x000000074f29d998}: 'int java.lang.invoke.DirectMethodHandle$Holder.invokeVirtual(java.lang.Object, java.lang.Object)'> (0x000000074f29d998) 
thrown [./open/src/hotspot/share/interpreter/linkResolver.cpp, line 782]
Event: 0.318 Thread 0x00000264360820c0 Exception <a 'java/lang/NoSuchMethodError'{0x000000074f2bd9a8}: 'java.lang.Object java.lang.invoke.DirectMethodHandle$Holder.invokeStaticInit(java.lang.Object, int)'> (0x000000074f2bd9a8) 
thrown [./open/src/hotspot/share/interpreter/linkResolver.cpp, line 782]
Event: 0.338 Thread 0x00000264360820c0 Exception <a 'java/lang/NoSuchMethodError'{0x000000074f3dbd50}: 'void java.lang.invoke.DirectMethodHandle$Holder.invokeInterface(java.lang.Object, java.lang.Object)'> (0x000000074f3dbd50) 
thrown [./open/src/hotspot/share/interpreter/linkResolver.cpp, line 782]
Event: 0.338 Thread 0x00000264360820c0 Exception <a 'java/lang/IncompatibleClassChangeError'{0x000000074f3df6d8}: Found class java.lang.Object, but interface was expected> (0x000000074f3df6d8) 
thrown [./open/src/hotspot/share/interpreter/linkResolver.cpp, line 848]
Event: 0.347 Thread 0x00000264360820c0 Exception <a 'java/lang/NoSuchMethodError'{0x000000074f07b648}: 'void java.lang.invoke.DirectMethodHandle$Holder.invokeStaticInit(java.lang.Object, java.lang.Object, java.lang.Object)'> (0x000000074f07b648) 
thrown [./open/src/hotspot/share/interpreter/linkResolver.cpp, line 782]
Event: 0.358 Thread 0x00000264360820c0 Exception <a 'java/lang/NoSuchMethodError'{0x000000074f0c5448}: 'java.lang.Object java.lang.invoke.DirectMethodHandle$Holder.newInvokeSpecial(java.lang.Object, java.lang.Object, java.lang.Object, java.lang.Object, java.lang.Object)'> (0x000000074f0c5448) 
thrown [./open/src/hotspot/share/interpreter/linkResolver.cpp, line 782]

Events (20 events):
Event: 0.354 loading class jdk/internal/loader/AbstractClassLoaderValue$Sub
Event: 0.354 loading class jdk/internal/loader/AbstractClassLoaderValue$Sub done
Event: 0.354 loading class java/lang/reflect/Proxy$ProxyBuilder
Event: 0.355 loading class java/lang/reflect/Proxy$ProxyBuilder done
Event: 0.355 loading class java/lang/reflect/ProxyGenerator
Event: 0.355 loading class java/lang/reflect/ProxyGenerator done
Event: 0.355 loading class java/lang/reflect/ProxyGenerator$ProxyMethod
Event: 0.355 loading class java/lang/reflect/ProxyGenerator$ProxyMethod done
Event: 0.355 loading class java/util/StringJoiner
Event: 0.356 loading class java/util/StringJoiner done
Event: 0.356 loading class java/lang/reflect/ProxyGenerator$PrimitiveTypeInfo
Event: 0.356 loading class java/lang/reflect/ProxyGenerator$PrimitiveTypeInfo done
Event: 0.357 loading class jdk/internal/org/objectweb/asm/Edge
Event: 0.357 loading class jdk/internal/org/objectweb/asm/Edge done
Event: 0.357 loading class java/lang/reflect/Proxy$ProxyBuilder$1
Event: 0.357 loading class java/lang/reflect/Proxy$ProxyBuilder$1 done
Event: 0.363 loading class java/lang/reflect/UndeclaredThrowableException
Event: 0.363 loading class java/lang/reflect/UndeclaredThrowableException done
Event: 0.366 loading class java/lang/Class$AnnotationData
Event: 0.366 loading class java/lang/Class$AnnotationData done


Dynamic libraries:
0x00007ff6c41a0000 - 0x00007ff6c41ad000 	B:\spring\sts-4.10.0.RELEASE\plugins\org.eclipse.justj.openjdk.hotspot.jre.full.win32.x86_64_15.0.2.v20210201-0955\jre\bin\java.exe
0x00007ff920cd0000 - 0x00007ff920ec5000 	C:\Windows\SYSTEM32\ntdll.dll
0x00007ff91efa0000 - 0x00007ff91f05d000 	C:\Windows\System32\KERNEL32.DLL
0x00007ff91e7e0000 - 0x00007ff91eaa8000 	C:\Windows\System32\KERNELBASE.dll
0x00007ff91eb00000 - 0x00007ff91ec00000 	C:\Windows\System32\ucrtbase.dll
0x00007ff8f9a70000 - 0x00007ff8f9a89000 	B:\spring\sts-4.10.0.RELEASE\plugins\org.eclipse.justj.openjdk.hotspot.jre.full.win32.x86_64_15.0.2.v20210201-0955\jre\bin\VCRUNTIME140.dll
0x00007ff8f9490000 - 0x00007ff8f94a8000 	B:\spring\sts-4.10.0.RELEASE\plugins\org.eclipse.justj.openjdk.hotspot.jre.full.win32.x86_64_15.0.2.v20210201-0955\jre\bin\jli.dll
0x00007ff91ee00000 - 0x00007ff91efa0000 	C:\Windows\System32\USER32.dll
0x00007ff91e540000 - 0x00007ff91e562000 	C:\Windows\System32\win32u.dll
0x00007ff91ed40000 - 0x00007ff91ed6a000 	C:\Windows\System32\GDI32.dll
0x00007ff91d7c0000 - 0x00007ff91da5a000 	C:\Windows\WinSxS\amd64_microsoft.windows.common-controls_6595b64144ccf1df_6.0.19041.1052_none_60b8f8fd71f5e8cb\COMCTL32.dll
0x00007ff91ec00000 - 0x00007ff91ed0b000 	C:\Windows\System32\gdi32full.dll
0x00007ff91f660000 - 0x00007ff91f6fe000 	C:\Windows\System32\msvcrt.dll
0x00007ff91e410000 - 0x00007ff91e4ad000 	C:\Windows\System32\msvcp_win.dll
0x00007ff91ed70000 - 0x00007ff91eda0000 	C:\Windows\System32\IMM32.DLL
0x00007ff90f6b0000 - 0x00007ff90f6bc000 	B:\spring\sts-4.10.0.RELEASE\plugins\org.eclipse.justj.openjdk.hotspot.jre.full.win32.x86_64_15.0.2.v20210201-0955\jre\bin\vcruntime140_1.dll
0x00007ff8de570000 - 0x00007ff8de601000 	B:\spring\sts-4.10.0.RELEASE\plugins\org.eclipse.justj.openjdk.hotspot.jre.full.win32.x86_64_15.0.2.v20210201-0955\jre\bin\msvcp140.dll
0x00007ff8d1130000 - 0x00007ff8d1c8e000 	B:\spring\sts-4.10.0.RELEASE\plugins\org.eclipse.justj.openjdk.hotspot.jre.full.win32.x86_64_15.0.2.v20210201-0955\jre\bin\server\jvm.dll
0x00007ff91f060000 - 0x00007ff91f10c000 	C:\Windows\System32\ADVAPI32.dll
0x00007ff920a60000 - 0x00007ff920afb000 	C:\Windows\System32\sechost.dll
0x00007ff920b60000 - 0x00007ff920c8b000 	C:\Windows\System32\RPCRT4.dll
0x00007ff920770000 - 0x00007ff920778000 	C:\Windows\System32\PSAPI.DLL
0x00007ff914520000 - 0x00007ff914547000 	C:\Windows\SYSTEM32\WINMM.dll
0x00007ff91b470000 - 0x00007ff91b47a000 	C:\Windows\SYSTEM32\VERSION.dll
0x00007ff913d60000 - 0x00007ff913d69000 	C:\Windows\SYSTEM32\WSOCK32.dll
0x00007ff920580000 - 0x00007ff9205eb000 	C:\Windows\System32\WS2_32.dll
0x00007ff91b770000 - 0x00007ff91b782000 	C:\Windows\SYSTEM32\kernel.appcore.dll
0x00007ff90f740000 - 0x00007ff90f74a000 	B:\spring\sts-4.10.0.RELEASE\plugins\org.eclipse.justj.openjdk.hotspot.jre.full.win32.x86_64_15.0.2.v20210201-0955\jre\bin\jimage.dll
0x00007ff91de40000 - 0x00007ff91e024000 	C:\Windows\SYSTEM32\DBGHELP.DLL
0x00007ff91dd90000 - 0x00007ff91ddbc000 	C:\Windows\SYSTEM32\dbgcore.DLL
0x00007ff91e4b0000 - 0x00007ff91e533000 	C:\Windows\System32\bcryptPrimitives.dll
0x00007ff8fba30000 - 0x00007ff8fba55000 	B:\spring\sts-4.10.0.RELEASE\plugins\org.eclipse.justj.openjdk.hotspot.jre.full.win32.x86_64_15.0.2.v20210201-0955\jre\bin\java.dll
0x00007ff906c40000 - 0x00007ff906c58000 	B:\spring\sts-4.10.0.RELEASE\plugins\org.eclipse.justj.openjdk.hotspot.jre.full.win32.x86_64_15.0.2.v20210201-0955\jre\bin\zip.dll
0x00007ff91fdc0000 - 0x00007ff9204ff000 	C:\Windows\System32\SHELL32.dll
0x00007ff91b790000 - 0x00007ff91bf20000 	C:\Windows\SYSTEM32\windows.storage.dll
0x00007ff91f860000 - 0x00007ff91fbb5000 	C:\Windows\System32\combase.dll
0x00007ff91d790000 - 0x00007ff91d7bc000 	C:\Windows\SYSTEM32\Wldp.dll
0x00007ff91f7b0000 - 0x00007ff91f85e000 	C:\Windows\System32\SHCORE.dll
0x00007ff91fd50000 - 0x00007ff91fda5000 	C:\Windows\System32\shlwapi.dll
0x00007ff91e350000 - 0x00007ff91e36f000 	C:\Windows\SYSTEM32\profapi.dll
0x00007ff900ce0000 - 0x00007ff900cf9000 	B:\spring\sts-4.10.0.RELEASE\plugins\org.eclipse.justj.openjdk.hotspot.jre.full.win32.x86_64_15.0.2.v20210201-0955\jre\bin\net.dll
0x00007ff9142d0000 - 0x00007ff9143db000 	C:\Windows\SYSTEM32\WINHTTP.dll
0x00007ff91d3f0000 - 0x00007ff91d45a000 	C:\Windows\system32\mswsock.dll
0x00007ff8fb560000 - 0x00007ff8fb572000 	B:\spring\sts-4.10.0.RELEASE\plugins\org.eclipse.justj.openjdk.hotspot.jre.full.win32.x86_64_15.0.2.v20210201-0955\jre\bin\nio.dll
0x00007ff90a6e0000 - 0x00007ff90a6e9000 	B:\spring\sts-4.10.0.RELEASE\plugins\org.eclipse.justj.openjdk.hotspot.jre.full.win32.x86_64_15.0.2.v20210201-0955\jre\bin\management.dll
0x00007ff907510000 - 0x00007ff90751b000 	B:\spring\sts-4.10.0.RELEASE\plugins\org.eclipse.justj.openjdk.hotspot.jre.full.win32.x86_64_15.0.2.v20210201-0955\jre\bin\management_ext.dll
0x00007ff90f730000 - 0x00007ff90f740000 	B:\spring\sts-4.10.0.RELEASE\plugins\org.eclipse.justj.openjdk.hotspot.jre.full.win32.x86_64_15.0.2.v20210201-0955\jre\bin\verify.dll

dbghelp: loaded successfully - version: 4.0.5 - missing functions: none
symbol engine: initialized successfully - sym options: 0x614 - pdb path: .;B:\spring\sts-4.10.0.RELEASE\plugins\org.eclipse.justj.openjdk.hotspot.jre.full.win32.x86_64_15.0.2.v20210201-0955\jre\bin;C:\Windows\SYSTEM32;C:\Windows\WinSxS\amd64_microsoft.windows.common-controls_6595b64144ccf1df_6.0.19041.1052_none_60b8f8fd71f5e8cb;B:\spring\sts-4.10.0.RELEASE\plugins\org.eclipse.justj.openjdk.hotspot.jre.full.win32.x86_64_15.0.2.v20210201-0955\jre\bin\server

VM Arguments:
java_command: C:\Users\prash\AppData\Local\Temp\surefire16951700245720786616\surefirebooter7014652330529944316.jar C:\Users\prash\AppData\Local\Temp\surefire16951700245720786616 2021-07-15T21-33-50_194-jvmRun1 surefire5368825403874956068tmp surefire_05963540412134105092tmp
java_class_path (initial): C:\Users\prash\AppData\Local\Temp\surefire16951700245720786616\surefirebooter7014652330529944316.jar
Launcher Type: SUN_STANDARD

[Global flags]
     intx CICompilerCount                          = 4                                         {product} {ergonomic}
     uint ConcGCThreads                            = 2                                         {product} {ergonomic}
     uint G1ConcRefinementThreads                  = 8                                         {product} {ergonomic}
   size_t G1HeapRegionSize                         = 2097152                                   {product} {ergonomic}
    uintx GCDrainStackTargetSize                   = 64                                        {product} {ergonomic}
   size_t InitialHeapSize                          = 197132288                                 {product} {ergonomic}
   size_t MarkStackSize                            = 4194304                                   {product} {ergonomic}
   size_t MaxHeapSize                              = 3149922304                                {product} {ergonomic}
   size_t MaxNewSize                               = 1889533952                                {product} {ergonomic}
   size_t MinHeapDeltaBytes                        = 2097152                                   {product} {ergonomic}
   size_t MinHeapSize                              = 8388608                                   {product} {ergonomic}
    uintx NonNMethodCodeHeapSize                   = 5839372                                {pd product} {ergonomic}
    uintx NonProfiledCodeHeapSize                  = 122909434                              {pd product} {ergonomic}
    uintx ProfiledCodeHeapSize                     = 122909434                              {pd product} {ergonomic}
    uintx ReservedCodeCacheSize                    = 251658240                              {pd product} {ergonomic}
     bool SegmentedCodeCache                       = true                                      {product} {ergonomic}
   size_t SoftMaxHeapSize                          = 3149922304                             {manageable} {ergonomic}
     bool UseCompressedClassPointers               = true                                 {lp64_product} {ergonomic}
     bool UseCompressedOops                        = true                                 {lp64_product} {ergonomic}
     bool UseG1GC                                  = true                                      {product} {ergonomic}
     bool UseLargePagesIndividualAllocation        = false                                  {pd product} {ergonomic}

Logging:
Log output configuration:
 #0: stdout all=warning uptime,level,tags
 #1: stderr all=off uptime,level,tags

Environment Variables:
JAVA_HOME=C:\Program Files\Java\jdk-11.0.11
PATH=B:/spring/sts-4.10.0.RELEASE//plugins/org.eclipse.justj.openjdk.hotspot.jre.full.win32.x86_64_15.0.2.v20210201-0955/jre/bin/server;B:/spring/sts-4.10.0.RELEASE//plugins/org.eclipse.justj.openjdk.hotspot.jre.full.win32.x86_64_15.0.2.v20210201-0955/jre/bin;C:\Program Files\Common Files\Oracle\Java\javapath;C:\Windows\system32;C:\Windows;C:\Windows\System32\Wbem;C:\Windows\System32\WindowsPowerShell\v1.0\;C:\Windows\System32\OpenSSH\;C:\Program Files\Java\jdk-11.0.11\bin;C:\Program Files\MySQL\MySQL Shell 8.0\bin\;C:\Users\prash\AppData\Local\Microsoft\WindowsApps;;C:\Users\prash\AppData\Local\Programs\Microsoft VS Code\bin;B:\spring\sts-4.10.0.RELEASE;
USERNAME=prash
OS=Windows_NT
PROCESSOR_IDENTIFIER=Intel64 Family 6 Model 140 Stepping 1, GenuineIntel



---------------  S Y S T E M  ---------------

OS:
 Windows 10 , 64 bit Build 19041 (10.0.19041.1023)
OS uptime: 13 days 9:23 hours

CPU: total 8 (initial active 8) (4 cores per cpu, 2 threads per core) family 6 model 140 stepping 1 microcode 0x86, cmov, cx8, fxsr, mmx, sse, sse2, sse3, ssse3, sse4.1, sse4.2, popcnt, vzeroupper, avx, avx2, aes, clmul, erms, 3dnowpref, lzcnt, ht, tsc, tscinvbit, bmi1, bmi2, adx, avx512f, avx512dq, avx512cd, avx512bw, avx512vl, avx512_vpopcntdq, avx512_vpclmulqdq, avx512_vbmi, avx512_vbmi2, avx512_vaes, avx512_vnni, sha, fma, clflush, clflushopt, clwb

Memory: 4k page, system-wide physical 12010M (292M free)
TotalPageFile size 33241M (AvailPageFile size 4M)
current process WorkingSet (physical memory assigned to process): 68M, peak: 68M
current process commit charge ("private bytes"): 286M, peak: 286M

vm_info: OpenJDK 64-Bit Server VM (15.0.2+7-27) for windows-amd64 JRE (15.0.2+7-27), built on Dec  7 2020 20:02:38 by "mach5one" with unknown MS VC++:1925

END.
